<?xml version="1.0" encoding="UTF-8"?>
<!-- Generated by org.testng.reporters.JUnitReportReporter -->
<testsuite hostname="sals-air.lan" failures="0" tests="1" name="com.RegressionTest" time="0.013" errors="0" timestamp="2021-05-25T18:28:43 EDT" skipped="0">
  <testcase classname="com.RegressionTest" name="test3" time="0.013"/>
  <system-out/>
</testsuite> <!-- com.RegressionTest -->
