<?xml version="1.0" encoding="UTF-8"?>
<!-- Generated by org.testng.reporters.JUnitReportReporter -->
<testsuite hostname="sals-air.lan" failures="0" tests="2" name="db.DBTest" time="0.009" errors="0" timestamp="2021-05-20T17:41:18 EDT" skipped="0">
  <testcase classname="db.DBTest" name="f" time="0.002"/>
  <system-out/>
  <testcase classname="db.DBTest" name="f" time="0.007"/>
  <system-out/>
</testsuite> <!-- db.DBTest -->
