<?xml version="1.0" encoding="UTF-8"?>
<!-- Generated by org.testng.reporters.JUnitReportReporter -->
<testsuite hostname="sals-air.lan" failures="0" tests="2" name="com.testingClass" time="0.005" errors="0" timestamp="2021-05-25T18:28:43 EDT" skipped="0">
  <testcase classname="com.testingClass" name="test4" time="0.004"/>
  <system-out/>
  <testcase classname="com.testingClass" name="test5" time="0.001"/>
  <system-out/>
</testsuite> <!-- com.testingClass -->
