<?xml version="1.0" encoding="UTF-8"?>
<!-- Generated by org.testng.reporters.JUnitReportReporter -->
<testsuite hostname="Sals-MacBook-Air.local" failures="0" tests="1" name="com.SmokeTest" time="0.010" errors="0" timestamp="2021-05-24T01:22:10 EDT" skipped="0">
  <testcase classname="com.SmokeTest" name="test1" time="0.010"/>
  <system-out/>
</testsuite> <!-- com.SmokeTest -->
